Logfile initialized
[INFO] logfile = /home/freddy/git/appcelerator_box_com/build.log
[DEBUG] /home/freddy/.titanium/mobilesdk/linux/1.9.0.v20120127003134/android/builder.py install box_com_app /home/freddy/android-sdk /home/freddy/git/appcelerator_box_com ci.boxcomapp 9
[INFO] Titanium SDK version: 1.9.0 (01/27/12 00:31 da34dcf)
[DEBUG] Waiting for device to be ready ...
[TRACE] adb devices returned 2 devices/emulators
[DEBUG] Device connected... (waited 0 seconds)
[DEBUG] waited 0.003012 seconds on emulator to get ready
[DEBUG] ci.boxcomapp installed? False
[INFO] Copying project resources..
[TRACE] COPYING MODIFIED FILE: /home/freddy/git/appcelerator_box_com/Resources/app.js => /home/freddy/git/appcelerator_box_com/build/android/bin/assets/Resources/app.js
[TRACE] Generating Java Classes
[DEBUG] Processing Android resource drawables
[DEBUG] copying app icon: /home/freddy/git/appcelerator_box_com/build/android/bin/assets/Resources/appicon.png
[DEBUG] generating theme.xml
[DEBUG] found drawable-notlong-land-hdpi splash screen at /home/freddy/git/appcelerator_box_com/Resources/android/images/res-notlong-land-hdpi/default.png
[DEBUG] copying /home/freddy/git/appcelerator_box_com/Resources/android/images/res-notlong-land-hdpi/default.png splash screen to /home/freddy/git/appcelerator_box_com/build/android/res/drawable-notlong-land-hdpi/background.png
[DEBUG] found drawable-notlong-port-hdpi splash screen at /home/freddy/git/appcelerator_box_com/Resources/android/images/res-notlong-port-hdpi/default.png
[DEBUG] copying /home/freddy/git/appcelerator_box_com/Resources/android/images/res-notlong-port-hdpi/default.png splash screen to /home/freddy/git/appcelerator_box_com/build/android/res/drawable-notlong-port-hdpi/background.png
[DEBUG] found drawable-notlong-land-ldpi splash screen at /home/freddy/git/appcelerator_box_com/Resources/android/images/res-notlong-land-ldpi/default.png
[DEBUG] copying /home/freddy/git/appcelerator_box_com/Resources/android/images/res-notlong-land-ldpi/default.png splash screen to /home/freddy/git/appcelerator_box_com/build/android/res/drawable-notlong-land-ldpi/background.png
[DEBUG] found drawable-notlong-port-mdpi splash screen at /home/freddy/git/appcelerator_box_com/Resources/android/images/res-notlong-port-mdpi/default.png
[DEBUG] copying /home/freddy/git/appcelerator_box_com/Resources/android/images/res-notlong-port-mdpi/default.png splash screen to /home/freddy/git/appcelerator_box_com/build/android/res/drawable-notlong-port-mdpi/background.png
[DEBUG] found drawable-long-port-ldpi splash screen at /home/freddy/git/appcelerator_box_com/Resources/android/images/res-long-port-ldpi/default.png
[DEBUG] copying /home/freddy/git/appcelerator_box_com/Resources/android/images/res-long-port-ldpi/default.png splash screen to /home/freddy/git/appcelerator_box_com/build/android/res/drawable-long-port-ldpi/background.png
[DEBUG] found drawable-long-land-ldpi splash screen at /home/freddy/git/appcelerator_box_com/Resources/android/images/res-long-land-ldpi/default.png
[DEBUG] copying /home/freddy/git/appcelerator_box_com/Resources/android/images/res-long-land-ldpi/default.png splash screen to /home/freddy/git/appcelerator_box_com/build/android/res/drawable-long-land-ldpi/background.png
[DEBUG] found drawable-notlong-port-ldpi splash screen at /home/freddy/git/appcelerator_box_com/Resources/android/images/res-notlong-port-ldpi/default.png
[DEBUG] copying /home/freddy/git/appcelerator_box_com/Resources/android/images/res-notlong-port-ldpi/default.png splash screen to /home/freddy/git/appcelerator_box_com/build/android/res/drawable-notlong-port-ldpi/background.png
[DEBUG] found drawable-long-land-hdpi splash screen at /home/freddy/git/appcelerator_box_com/Resources/android/images/res-long-land-hdpi/default.png
[DEBUG] copying /home/freddy/git/appcelerator_box_com/Resources/android/images/res-long-land-hdpi/default.png splash screen to /home/freddy/git/appcelerator_box_com/build/android/res/drawable-long-land-hdpi/background.png
[DEBUG] found drawable-long-port-hdpi splash screen at /home/freddy/git/appcelerator_box_com/Resources/android/images/res-long-port-hdpi/default.png
[DEBUG] copying /home/freddy/git/appcelerator_box_com/Resources/android/images/res-long-port-hdpi/default.png splash screen to /home/freddy/git/appcelerator_box_com/build/android/res/drawable-long-port-hdpi/background.png
[DEBUG] found drawable-notlong-land-mdpi splash screen at /home/freddy/git/appcelerator_box_com/Resources/android/images/res-notlong-land-mdpi/default.png
[DEBUG] copying /home/freddy/git/appcelerator_box_com/Resources/android/images/res-notlong-land-mdpi/default.png splash screen to /home/freddy/git/appcelerator_box_com/build/android/res/drawable-notlong-land-mdpi/background.png
[DEBUG] found splash screen at /home/freddy/git/appcelerator_box_com/build/android/bin/assets/Resources/default.png
[TRACE] Writing out AndroidManifest.xml
[DEBUG] adding /home/freddy/git/appcelerator_box_com/build/android/gen/ci/boxcomapp/Box_com_appAppInfo.java to javac build list
[DEBUG] adding /home/freddy/git/appcelerator_box_com/build/android/gen/ci/boxcomapp/R.java to javac build list
[DEBUG] adding /home/freddy/git/appcelerator_box_com/build/android/gen/ci/boxcomapp/Box_com_appApplication.java to javac build list
[DEBUG] adding /home/freddy/git/appcelerator_box_com/build/android/gen/ci/boxcomapp/Box_com_appActivity.java to javac build list
[DEBUG] Building Java Sources: "/home/freddy/git/appcelerator_box_com/build/android/gen/ci/boxcomapp/Box_com_appAppInfo.java" "/home/freddy/git/appcelerator_box_com/build/android/gen/ci/boxcomapp/R.java" "/home/freddy/git/appcelerator_box_com/build/android/gen/ci/boxcomapp/Box_com_appApplication.java" "/home/freddy/git/appcelerator_box_com/build/android/gen/ci/boxcomapp/Box_com_appActivity.java"
[INFO] Compiling Android Resources... This could take some time
[DEBUG] Android classes.dex built
[DEBUG] creating unsigned apk: /home/freddy/git/appcelerator_box_com/build/android/bin/app-unsigned.apk
[DEBUG] from resource zip => assets/Resources/images/buttons/add.png
[DEBUG] from resource zip => assets/Resources/images/buttons/refresh.png
[DEBUG] from resource zip => assets/Resources/images/buttons/upload.png
[DEBUG] from resource zip => assets/Resources/images/folder.png
[DEBUG] from resource zip => assets/Resources/images/folder_shared.png
[DEBUG] from resource zip => assets/Resources/KS_nav_ui.png
[DEBUG] from resource zip => assets/Resources/KS_nav_views.png
[DEBUG] from resource zip => assets/Resources/app.js
[DEBUG] from resource zip => assets/Resources/appicon.png
[DEBUG] from resource zip => assets/Resources/box_module.js
[DEBUG] from resource zip => assets/Resources/default.png
[DEBUG] from resource zip => assets/app.json
[DEBUG] from resource zip => assets/index.json
[DEBUG] from resource zip => assets/tiapp.xml
[DEBUG] from resource zip => res/drawable/appicon.png
[DEBUG] from resource zip => res/drawable/background.png
[DEBUG] from resource zip => res/layout/titanium_tabgroup.xml
[DEBUG] from resource zip => AndroidManifest.xml
[DEBUG] from resource zip => resources.arsc
[DEBUG] from resource zip => res/drawable-long-land-hdpi/background.png
[DEBUG] from resource zip => res/drawable-long-land-ldpi/background.png
[DEBUG] from resource zip => res/drawable-long-port-hdpi/background.png
[DEBUG] from resource zip => res/drawable-long-port-ldpi/background.png
[DEBUG] from resource zip => res/drawable-notlong-land-hdpi/background.png
[DEBUG] from resource zip => res/drawable-notlong-land-ldpi/background.png
[DEBUG] from resource zip => res/drawable-notlong-land-mdpi/background.png
[DEBUG] from resource zip => res/drawable-notlong-port-hdpi/background.png
[DEBUG] from resource zip => res/drawable-notlong-port-ldpi/background.png
[DEBUG] from resource zip => res/drawable-notlong-port-mdpi/background.png
[DEBUG] from JAR /home/freddy/.titanium/mobilesdk/linux/1.9.0.v20120127003134/android/modules/titanium-ui.jar => ti/modules/titanium/ui/widget/webview/binding.js
[DEBUG] from JAR /home/freddy/.titanium/mobilesdk/linux/1.9.0.v20120127003134/android/modules/titanium-ui.jar => ti/modules/titanium/ui/widget/webview/binding.min.js
[DEBUG] from JAR /home/freddy/.titanium/mobilesdk/linux/1.9.0.v20120127003134/android/modules/titanium-ui.jar => ti/modules/titanium/ui/widget/webview/json2.js
[DEBUG] from JAR /home/freddy/.titanium/mobilesdk/linux/1.9.0.v20120127003134/android/thirdparty.jar => org/apache/Commons-NOTICE.txt
[DEBUG] from JAR /home/freddy/.titanium/mobilesdk/linux/1.9.0.v20120127003134/android/thirdparty.jar => org/apache/HttpComponents-NOTICE.txt
[DEBUG] from JAR /home/freddy/.titanium/mobilesdk/linux/1.9.0.v20120127003134/android/thirdparty.jar => org/apache/mime4j-NOTICE.txt
[DEBUG] from JAR /home/freddy/.titanium/mobilesdk/linux/1.9.0.v20120127003134/android/titanium.jar => org/appcelerator/titanium/build.properties
[DEBUG] from JAR /home/freddy/.titanium/mobilesdk/linux/1.9.0.v20120127003134/android/titanium.jar => org/appcelerator/titanium/res/drawable/background.png
[DEBUG] from JAR /home/freddy/.titanium/mobilesdk/linux/1.9.0.v20120127003134/android/titanium.jar => org/appcelerator/titanium/res/drawable/btn_check_buttonless_on.png
[DEBUG] from JAR /home/freddy/.titanium/mobilesdk/linux/1.9.0.v20120127003134/android/titanium.jar => org/appcelerator/titanium/res/drawable/btn_check_buttonless_on_18.png
[DEBUG] from JAR /home/freddy/.titanium/mobilesdk/linux/1.9.0.v20120127003134/android/titanium.jar => org/appcelerator/titanium/res/drawable/btn_check_buttonless_on_48.png
[DEBUG] from JAR /home/freddy/.titanium/mobilesdk/linux/1.9.0.v20120127003134/android/titanium.jar => org/appcelerator/titanium/res/drawable/btn_more.png
[DEBUG] from JAR /home/freddy/.titanium/mobilesdk/linux/1.9.0.v20120127003134/android/titanium.jar => org/appcelerator/titanium/res/drawable/btn_more_18.png
[DEBUG] from JAR /home/freddy/.titanium/mobilesdk/linux/1.9.0.v20120127003134/android/titanium.jar => org/appcelerator/titanium/res/drawable/btn_more_48.png
[DEBUG] from JAR /home/freddy/.titanium/mobilesdk/linux/1.9.0.v20120127003134/android/titanium.jar => org/appcelerator/titanium/res/drawable/btn_picker_normal.9.png
[DEBUG] from JAR /home/freddy/.titanium/mobilesdk/linux/1.9.0.v20120127003134/android/titanium.jar => org/appcelerator/titanium/res/drawable/btn_picker_pressed.9.png
[DEBUG] from JAR /home/freddy/.titanium/mobilesdk/linux/1.9.0.v20120127003134/android/titanium.jar => org/appcelerator/titanium/res/drawable/btn_picker_selected.9.png
[DEBUG] from JAR /home/freddy/.titanium/mobilesdk/linux/1.9.0.v20120127003134/android/titanium.jar => org/appcelerator/titanium/res/drawable/default_icon.png
[DEBUG] from JAR /home/freddy/.titanium/mobilesdk/linux/1.9.0.v20120127003134/android/titanium.jar => org/appcelerator/titanium/res/drawable/photoDefault.png
[DEBUG] Waiting for device to be ready ...
[TRACE] adb devices returned 2 devices/emulators
[DEBUG] Device connected... (waited 0 seconds)
[DEBUG] waited 0.003934 seconds on emulator to get ready
[INFO] Installing application on device
[INFO] Application installed. Launch from drawer on Home Screen
